The system is: Windows - 10.0.19044 - AMD64
Compiling the C compiler identification source file "CMakeCCompilerId.c" succeeded.
Compiler: C:/Program Files/Microsoft Visual Studio/2022/Community/VC/Tools/MSVC/14.34.31933/bin/Hostx64/x64/cl.exe 
Build flags: 
Id flags:  

The output was:
0
Microsoft (R) C/C++ Optimizing Compiler Version 19.34.31942 for x64
Copyright (C) Microsoft Corporation.  All rights reserved.

CMakeCCompilerId.c
Microsoft (R) Incremental Linker Version 14.34.31942.0
Copyright (C) Microsoft Corporation.  All rights reserved.

/out:CMakeCCompilerId.exe 
CMakeCCompilerId.obj 


Compilation of the C compiler identification source "CMakeCCompilerId.c" produced "CMakeCCompilerId.exe"

Compilation of the C compiler identification source "CMakeCCompilerId.c" produced "CMakeCCompilerId.obj"

The C compiler identification is MSVC, found in "C:/Users/12893/Desktop/CG resources/AppliedMathLearning/pbrt/exercises/cmake-build-debug/CMakeFiles/3.25.2/CompilerIdC/CMakeCCompilerId.exe"

Compiling the CXX compiler identification source file "CMakeCXXCompilerId.cpp" succeeded.
Compiler: C:/Program Files/Microsoft Visual Studio/2022/Community/VC/Tools/MSVC/14.34.31933/bin/Hostx64/x64/cl.exe 
Build flags: 
Id flags:  

The output was:
0
Microsoft (R) C/C++ Optimizing Compiler Version 19.34.31942 for x64
Copyright (C) Microsoft Corporation.  All rights reserved.

CMakeCXXCompilerId.cpp
Microsoft (R) Incremental Linker Version 14.34.31942.0
Copyright (C) Microsoft Corporation.  All rights reserved.

/out:CMakeCXXCompilerId.exe 
CMakeCXXCompilerId.obj 


Compilation of the CXX compiler identification source "CMakeCXXCompilerId.cpp" produced "CMakeCXXCompilerId.exe"

Compilation of the CXX compiler identification source "CMakeCXXCompilerId.cpp" produced "CMakeCXXCompilerId.obj"

The CXX compiler identification is MSVC, found in "C:/Users/12893/Desktop/CG resources/AppliedMathLearning/pbrt/exercises/cmake-build-debug/CMakeFiles/3.25.2/CompilerIdCXX/CMakeCXXCompilerId.exe"

Detecting C compiler ABI info compiled with the following output:
Change Dir: C:/Users/12893/Desktop/CG resources/AppliedMathLearning/pbrt/exercises/cmake-build-debug/CMakeFiles/CMakeScratch/TryCompile-9cxmnm

Run Build Command(s):nmake -f Makefile /nologo cmTC_cb7c1\fast && 	"C:\Program Files\Microsoft Visual Studio\2022\Community\VC\Tools\MSVC\14.34.31933\bin\HostX64\x64\nmake.exe"  -f CMakeFiles\cmTC_cb7c1.dir\build.make /nologo -L                  CMakeFiles\cmTC_cb7c1.dir\build
Building C object CMakeFiles/cmTC_cb7c1.dir/CMakeCCompilerABI.c.obj
	"C:\Program Files\JetBrains\CLion 2023.1.1\bin\cmake\win\x64\bin\cmake.exe" -E cmake_cl_compile_depends --dep-file=CMakeFiles\cmTC_cb7c1.dir\CMakeCCompilerABI.c.obj.d --working-dir="C:\Users\12893\Desktop\CG resources\AppliedMathLearning\pbrt\exercises\cmake-build-debug\CMakeFiles\CMakeScratch\TryCompile-9cxmnm" --filter-prefix="Note: including file: " -- C:\PROGRA~1\MIB055~1\2022\COMMUN~1\VC\Tools\MSVC\1434~1.319\bin\Hostx64\x64\cl.exe @C:\Users\12893\AppData\Local\Temp\nmAF2B.tmp
CMakeCCompilerABI.c
Linking C executable cmTC_cb7c1.exe
	"C:\Program Files\JetBrains\CLion 2023.1.1\bin\cmake\win\x64\bin\cmake.exe" -E vs_link_exe --intdir=CMakeFiles\cmTC_cb7c1.dir --rc=C:\PROGRA~2\WI3CF2~1\10\bin\100220~1.0\x64\rc.exe --mt=C:\PROGRA~2\WI3CF2~1\10\bin\100220~1.0\x64\mt.exe --manifests -- C:\PROGRA~1\MIB055~1\2022\COMMUN~1\VC\Tools\MSVC\1434~1.319\bin\Hostx64\x64\link.exe /nologo @CMakeFiles\cmTC_cb7c1.dir\objects1 @C:\Users\12893\AppData\Local\Temp\nmB084.tmp
	echo >nul && "C:\Program Files\PowerShell\7\pwsh.exe" -noprofile -executionpolicy Bypass -file "C:/Users/12893/Desktop/CG resources/AppliedMathLearning/pbrt/exercises/vcpkg/scripts/buildsystems/msbuild/applocal.ps1" -targetBinary "C:/Users/12893/Desktop/CG resources/AppliedMathLearning/pbrt/exercises/cmake-build-debug/CMakeFiles/CMakeScratch/TryCompile-9cxmnm/cmTC_cb7c1.exe" -installedDir "C:/Users/12893/Desktop/CG resources/AppliedMathLearning/pbrt/exercises/vcpkg/installed/x64-windows/debug/bin" -OutVariable out



Detecting CXX compiler ABI info compiled with the following output:
Change Dir: C:/Users/12893/Desktop/CG resources/AppliedMathLearning/pbrt/exercises/cmake-build-debug/CMakeFiles/CMakeScratch/TryCompile-i0f4vz

Run Build Command(s):nmake -f Makefile /nologo cmTC_6d892\fast && 	"C:\Program Files\Microsoft Visual Studio\2022\Community\VC\Tools\MSVC\14.34.31933\bin\HostX64\x64\nmake.exe"  -f CMakeFiles\cmTC_6d892.dir\build.make /nologo -L                  CMakeFiles\cmTC_6d892.dir\build
Building CXX object CMakeFiles/cmTC_6d892.dir/CMakeCXXCompilerABI.cpp.obj
	"C:\Program Files\JetBrains\CLion 2023.1.1\bin\cmake\win\x64\bin\cmake.exe" -E cmake_cl_compile_depends --dep-file=CMakeFiles\cmTC_6d892.dir\CMakeCXXCompilerABI.cpp.obj.d --working-dir="C:\Users\12893\Desktop\CG resources\AppliedMathLearning\pbrt\exercises\cmake-build-debug\CMakeFiles\CMakeScratch\TryCompile-i0f4vz" --filter-prefix="Note: including file: " -- C:\PROGRA~1\MIB055~1\2022\COMMUN~1\VC\Tools\MSVC\1434~1.319\bin\Hostx64\x64\cl.exe @C:\Users\12893\AppData\Local\Temp\nmB41D.tmp
CMakeCXXCompilerABI.cpp
Linking CXX executable cmTC_6d892.exe
	"C:\Program Files\JetBrains\CLion 2023.1.1\bin\cmake\win\x64\bin\cmake.exe" -E vs_link_exe --intdir=CMakeFiles\cmTC_6d892.dir --rc=C:\PROGRA~2\WI3CF2~1\10\bin\100220~1.0\x64\rc.exe --mt=C:\PROGRA~2\WI3CF2~1\10\bin\100220~1.0\x64\mt.exe --manifests -- C:\PROGRA~1\MIB055~1\2022\COMMUN~1\VC\Tools\MSVC\1434~1.319\bin\Hostx64\x64\link.exe /nologo @CMakeFiles\cmTC_6d892.dir\objects1 @C:\Users\12893\AppData\Local\Temp\nmB46C.tmp
	echo >nul && "C:\Program Files\PowerShell\7\pwsh.exe" -noprofile -executionpolicy Bypass -file "C:/Users/12893/Desktop/CG resources/AppliedMathLearning/pbrt/exercises/vcpkg/scripts/buildsystems/msbuild/applocal.ps1" -targetBinary "C:/Users/12893/Desktop/CG resources/AppliedMathLearning/pbrt/exercises/cmake-build-debug/CMakeFiles/CMakeScratch/TryCompile-i0f4vz/cmTC_6d892.exe" -installedDir "C:/Users/12893/Desktop/CG resources/AppliedMathLearning/pbrt/exercises/vcpkg/installed/x64-windows/debug/bin" -OutVariable out



